<?xml version="1.0" encoding="UTF-8"?>
<testng-results ignored="0" total="1" passed="1" failed="0" skipped="0">
  <reporter-output>
    <line>
      <![CDATA[Database connected]]>
    </line>
    <line>
      <![CDATA[Browser launched]]>
    </line>
    <line>
      <![CDATA[Login sucessfull]]>
    </line>
    <line>
      <![CDATA[Logout sucessfull]]>
    </line>
    <line>
      <![CDATA[Browser closed]]>
    </line>
    <line>
      <![CDATA[Database Disconnected Sucessfully]]>
    </line>
  </reporter-output>
  <suite started-at="2023-05-11T23:21:00 IST" name="Default suite" finished-at="2023-05-11T23:21:30 IST" duration-ms="29544">
    <groups>
    </groups>
    <test started-at="2023-05-11T23:21:00 IST" name="Default test" finished-at="2023-05-11T23:21:30 IST" duration-ms="29544">
      <class name="com.Actitime.testscripts.Task">
        <test-method is-config="true" signature="databaseconnection()[pri:0, instance:com.Actitime.testscripts.Task@611889f4]" started-at="2023-05-11T23:21:00 IST" name="databaseconnection" finished-at="2023-05-11T23:21:00 IST" duration-ms="5" status="PASS">
          <reporter-output>
            <line>
              <![CDATA[Database connected]]>
            </line>
          </reporter-output>
        </test-method> <!-- databaseconnection -->
        <test-method is-config="true" signature="launchBrowser()[pri:0, instance:com.Actitime.testscripts.Task@611889f4]" started-at="2023-05-11T23:21:00 IST" name="launchBrowser" finished-at="2023-05-11T23:21:16 IST" duration-ms="15108" status="PASS">
          <reporter-output>
            <line>
              <![CDATA[Browser launched]]>
            </line>
          </reporter-output>
        </test-method> <!-- launchBrowser -->
        <test-method is-config="true" signature="login()[pri:0, instance:com.Actitime.testscripts.Task@611889f4]" started-at="2023-05-11T23:21:16 IST" name="login" finished-at="2023-05-11T23:21:16 IST" duration-ms="240" status="PASS">
          <reporter-output>
            <line>
              <![CDATA[Login sucessfull]]>
            </line>
          </reporter-output>
        </test-method> <!-- login -->
        <test-method signature="createcustomer()[pri:0, instance:com.Actitime.testscripts.Task@611889f4]" started-at="2023-05-11T23:21:16 IST" name="createcustomer" finished-at="2023-05-11T23:21:30 IST" duration-ms="13931" status="PASS">
          <reporter-output>
          </reporter-output>
        </test-method> <!-- createcustomer -->
        <test-method is-config="true" signature="logout()[pri:0, instance:com.Actitime.testscripts.Task@611889f4]" started-at="2023-05-11T23:21:30 IST" name="logout" finished-at="2023-05-11T23:21:30 IST" duration-ms="2" status="PASS">
          <reporter-output>
            <line>
              <![CDATA[Logout sucessfull]]>
            </line>
          </reporter-output>
        </test-method> <!-- logout -->
        <test-method is-config="true" signature="closeBrowser()[pri:0, instance:com.Actitime.testscripts.Task@611889f4]" started-at="2023-05-11T23:21:30 IST" name="closeBrowser" finished-at="2023-05-11T23:21:30 IST" duration-ms="234" status="PASS">
          <reporter-output>
            <line>
              <![CDATA[Browser closed]]>
            </line>
          </reporter-output>
        </test-method> <!-- closeBrowser -->
        <test-method is-config="true" signature="databasedisconnection()[pri:0, instance:com.Actitime.testscripts.Task@611889f4]" started-at="2023-05-11T23:21:30 IST" name="databasedisconnection" finished-at="2023-05-11T23:21:30 IST" duration-ms="1" status="PASS">
          <reporter-output>
            <line>
              <![CDATA[Database Disconnected Sucessfully]]>
            </line>
          </reporter-output>
        </test-method> <!-- databasedisconnection -->
      </class> <!-- com.Actitime.testscripts.Task -->
    </test> <!-- Default test -->
  </suite> <!-- Default suite -->
</testng-results>
